<?xml version="1.0" encoding="UTF-8"?>
<!-- Generated by org.testng.reporters.JUnitReportReporter -->
<testsuite hostname="LAPTOP-17E9B0FD" failures="0" tests="1" name="testcases.Testcase4" time="21.386" errors="0" timestamp="2023-02-21T12:05:49 IST" skipped="0">
  <testcase classname="testcases.Testcase4" name="test" time="21.386"/>
  <system-out/>
</testsuite> <!-- testcases.Testcase4 -->
